This is XeTeX, Version 3.14159265-2.6-0.999992 (MiKTeX 20.11) (preloaded format=xelatex 2021.5.24)  24 MAY 2021 16:11
entering extended mode
**./lista_1.tex
(lista_1.tex
LaTeX2e <2020-10-01> patch level 2
L3 programming layer <2020-10-27> xparse <2020-03-03> ("C:\Program Files\MiKTeX
\tex/latex/base\article.cls"
Document Class: article 2020/04/10 v1.4m Standard LaTeX document class
("C:\Program Files\MiKTeX\tex/latex/base\size10.clo"
File: size10.clo 2020/04/10 v1.4m Standard LaTeX file (size option)
)
\c@part=\count171
\c@section=\count172
\c@subsection=\count173
\c@subsubsection=\count174
\c@paragraph=\count175
\c@subparagraph=\count176
\c@figure=\count177
\c@table=\count178
\abovecaptionskip=\skip47
\belowcaptionskip=\skip48
\bibindent=\dimen138
) ("C:\Program Files\MiKTeX\tex/latex/lm\lmodern.sty"
Package: lmodern 2009/10/30 v1.6 Latin Modern Fonts
LaTeX Font Info:    Overwriting symbol font `operators' in version `normal'
(Font)                  OT1/cmr/m/n --> OT1/lmr/m/n on input line 22.
LaTeX Font Info:    Overwriting symbol font `letters' in version `normal'
(Font)                  OML/cmm/m/it --> OML/lmm/m/it on input line 23.
LaTeX Font Info:    Overwriting symbol font `symbols' in version `normal'
(Font)                  OMS/cmsy/m/n --> OMS/lmsy/m/n on input line 24.
LaTeX Font Info:    Overwriting symbol font `largesymbols' in version `normal'
(Font)                  OMX/cmex/m/n --> OMX/lmex/m/n on input line 25.
LaTeX Font Info:    Overwriting symbol font `operators' in version `bold'
(Font)                  OT1/cmr/bx/n --> OT1/lmr/bx/n on input line 26.
LaTeX Font Info:    Overwriting symbol font `letters' in version `bold'
(Font)                  OML/cmm/b/it --> OML/lmm/b/it on input line 27.
LaTeX Font Info:    Overwriting symbol font `symbols' in version `bold'
(Font)                  OMS/cmsy/b/n --> OMS/lmsy/b/n on input line 28.
LaTeX Font Info:    Overwriting symbol font `largesymbols' in version `bold'
(Font)                  OMX/cmex/m/n --> OMX/lmex/m/n on input line 29.
LaTeX Font Info:    Overwriting math alphabet `\mathbf' in version `normal'
(Font)                  OT1/cmr/bx/n --> OT1/lmr/bx/n on input line 31.
LaTeX Font Info:    Overwriting math alphabet `\mathsf' in version `normal'
(Font)                  OT1/cmss/m/n --> OT1/lmss/m/n on input line 32.
LaTeX Font Info:    Overwriting math alphabet `\mathit' in version `normal'
(Font)                  OT1/cmr/m/it --> OT1/lmr/m/it on input line 33.
LaTeX Font Info:    Overwriting math alphabet `\mathtt' in version `normal'
(Font)                  OT1/cmtt/m/n --> OT1/lmtt/m/n on input line 34.
LaTeX Font Info:    Overwriting math alphabet `\mathbf' in version `bold'
(Font)                  OT1/cmr/bx/n --> OT1/lmr/bx/n on input line 35.
LaTeX Font Info:    Overwriting math alphabet `\mathsf' in version `bold'
(Font)                  OT1/cmss/bx/n --> OT1/lmss/bx/n on input line 36.
LaTeX Font Info:    Overwriting math alphabet `\mathit' in version `bold'
(Font)                  OT1/cmr/bx/it --> OT1/lmr/bx/it on input line 37.
LaTeX Font Info:    Overwriting math alphabet `\mathtt' in version `bold'
(Font)                  OT1/cmtt/m/n --> OT1/lmtt/m/n on input line 38.
) ("C:\Program Files\MiKTeX\tex/latex/amsfonts\amssymb.sty"
Package: amssymb 2013/01/14 v3.01 AMS font symbols
("C:\Program Files\MiKTeX\tex/latex/amsfonts\amsfonts.sty"
Package: amsfonts 2013/01/14 v3.01 Basic AMSFonts support
\@emptytoks=\toks15
\symAMSa=\mathgroup4
\symAMSb=\mathgroup5
LaTeX Font Info:    Redeclaring math symbol \hbar on input line 98.
LaTeX Font Info:    Overwriting math alphabet `\mathfrak' in version `bold'
(Font)                  U/euf/m/n --> U/euf/b/n on input line 106.
)) ("C:\Program Files\MiKTeX\tex/latex/amsmath\amsmath.sty"
Package: amsmath 2020/09/23 v2.17i AMS math features
\@mathmargin=\skip49
For additional information on amsmath, use the `?' option.
("C:\Program Files\MiKTeX\tex/latex/amsmath\amstext.sty"
Package: amstext 2000/06/29 v2.01 AMS text
("C:\Program Files\MiKTeX\tex/latex/amsmath\amsgen.sty"
File: amsgen.sty 1999/11/30 v2.0 generic functions
\@emptytoks=\toks16
\ex@=\dimen139
)) ("C:\Program Files\MiKTeX\tex/latex/amsmath\amsbsy.sty"
Package: amsbsy 1999/11/29 v1.2d Bold Symbols
\pmbraise@=\dimen140
) ("C:\Program Files\MiKTeX\tex/latex/amsmath\amsopn.sty"
Package: amsopn 2016/03/08 v2.02 operator names
)
\inf@bad=\count179
LaTeX Info: Redefining \frac on input line 234.
\uproot@=\count180
\leftroot@=\count181
LaTeX Info: Redefining \overline on input line 399.
\classnum@=\count182
\DOTSCASE@=\count183
LaTeX Info: Redefining \ldots on input line 496.
LaTeX Info: Redefining \dots on input line 499.
LaTeX Info: Redefining \cdots on input line 620.
\Mathstrutbox@=\box47
\strutbox@=\box48
\big@size=\dimen141
LaTeX Font Info:    Redeclaring font encoding OML on input line 743.
LaTeX Font Info:    Redeclaring font encoding OMS on input line 744.
\macc@depth=\count184
\c@MaxMatrixCols=\count185
\dotsspace@=\muskip16
\c@parentequation=\count186
\dspbrk@lvl=\count187
\tag@help=\toks17
\row@=\count188
\column@=\count189
\maxfields@=\count190
\andhelp@=\toks18
\eqnshift@=\dimen142
\alignsep@=\dimen143
\tagshift@=\dimen144
\tagwidth@=\dimen145
\totwidth@=\dimen146
\lineht@=\dimen147
\@envbody=\toks19
\multlinegap=\skip50
\multlinetaggap=\skip51
\mathdisplay@stack=\toks20
LaTeX Info: Redefining \[ on input line 2923.
LaTeX Info: Redefining \] on input line 2924.
) ("C:\Program Files\MiKTeX\tex/generic/iftex\ifxetex.sty"
Package: ifxetex 2019/10/25 v0.7 ifxetex legacy package. Use iftex instead.
("C:\Program Files\MiKTeX\tex/generic/iftex\iftex.sty"
Package: iftex 2020/03/06 v1.0d TeX engine tests
)) ("C:\Program Files\MiKTeX\tex/generic/iftex\ifluatex.sty"
Package: ifluatex 2019/10/25 v1.5 ifluatex legacy package. Use iftex instead.
) ("C:\Program Files\MiKTeX\tex/latex/unicode-math\unicode-math.sty" ("C:\Progr
am Files\MiKTeX\tex/latex/l3kernel\expl3.sty"
Package: expl3 2020-10-27 L3 programming layer (loader) 
("C:\Program Files\MiKTeX\tex/latex/l3backend\l3backend-xetex.def"
File: l3backend-xetex.def 2020-09-24 L3 backend support: XeTeX
\g__graphics_track_int=\count191
\l__pdf_internal_box=\box49
\g__pdf_backend_object_int=\count192
\g__pdf_backend_annotation_int=\count193
))
Package: unicode-math 2020/01/31 v0.8q Unicode maths in XeLaTeX and LuaLaTeX
("C:\Program Files\MiKTeX\tex/latex/unicode-math\unicode-math-xetex.sty"
Package: unicode-math-xetex 2020/01/31 v0.8q Unicode maths in XeLaTeX and LuaLa
TeX
("C:\Program Files\MiKTeX\tex/latex/l3packages/xparse\xparse.sty"
Package: xparse 2020-10-27 L3 Experimental document command parser
("C:\Program Files\MiKTeX\tex/latex/l3packages/xparse\xparse-generic.tex")) ("C
:\Program Files\MiKTeX\tex/latex/l3packages/l3keys2e\l3keys2e.sty"
Package: l3keys2e 2020-10-27 LaTeX2e option processing using LaTeX3 keys
) ("C:\Program Files\MiKTeX\tex/latex/fontspec\fontspec.sty"
Package: fontspec 2020/02/21 v2.7i Font selection for XeLaTeX and LuaLaTeX
("C:\Program Files\MiKTeX\tex/latex/fontspec\fontspec-xetex.sty"
Package: fontspec-xetex 2020/02/21 v2.7i Font selection for XeLaTeX and LuaLaTe
X
\l__fontspec_script_int=\count194
\l__fontspec_language_int=\count195
\l__fontspec_strnum_int=\count196
\l__fontspec_tmp_int=\count197
\l__fontspec_tmpa_int=\count198
\l__fontspec_tmpb_int=\count199
\l__fontspec_tmpc_int=\count266
\l__fontspec_em_int=\count267
\l__fontspec_emdef_int=\count268
\l__fontspec_strong_int=\count269
\l__fontspec_strongdef_int=\count270
\l__fontspec_tmpa_dim=\dimen148
\l__fontspec_tmpb_dim=\dimen149
\l__fontspec_tmpc_dim=\dimen150
("C:\Program Files\MiKTeX\tex/latex/base\fontenc.sty"
Package: fontenc 2020/08/10 v2.0s Standard LaTeX package
) ("C:\Program Files\MiKTeX\tex/latex/fontspec\fontspec.cfg"))) ("C:\Program Fi
les\MiKTeX\tex/latex/base\fix-cm.sty"
Package: fix-cm 2015/01/14 v1.1t fixes to LaTeX
("C:\Program Files\MiKTeX\tex/latex/base\ts1enc.def"
File: ts1enc.def 2001/06/05 v3.0e (jk/car/fm) Standard LaTeX file
LaTeX Font Info:    Redeclaring font encoding TS1 on input line 47.
))
\g__um_fam_int=\count271
\g__um_fonts_used_int=\count272
\l__um_primecount_int=\count273
\g__um_primekern_muskip=\muskip17
("C:\Program Files\MiKTeX\tex/latex/unicode-math\unicode-math-table.tex"))) ("C
:\Program Files\MiKTeX\tex/latex/upquote\upquote.sty"
Package: upquote 2012/04/19 v1.3 upright-quote and grave-accent glyphs in verba
tim
("C:\Program Files\MiKTeX\tex/latex/base\textcomp.sty"
Package: textcomp 2020/02/02 v2.0n Standard LaTeX package
)) ("C:\Program Files\MiKTeX\tex/latex/microtype\microtype.sty"
Package: microtype 2019/11/18 v2.7d Micro-typographical refinements (RS)
("C:\Program Files\MiKTeX\tex/latex/graphics\keyval.sty"
Package: keyval 2014/10/28 v1.15 key=value parser (DPC)
\KV@toks@=\toks21
)
\MT@toks=\toks22
\MT@count=\count274
LaTeX Info: Redefining \textls on input line 790.
\MT@outer@kern=\dimen151
LaTeX Info: Redefining \textmicrotypecontext on input line 1354.
\MT@listname@count=\count275
("C:\Program Files\MiKTeX\tex/latex/microtype\microtype-xetex.def"
File: microtype-xetex.def 2019/11/18 v2.7d Definitions specific to xetex (RS)
LaTeX Info: Redefining \lsstyle on input line 258.
)
Package microtype Info: Loading configuration file microtype.cfg.
("C:\Program Files\MiKTeX\tex/latex/microtype\microtype.cfg"
File: microtype.cfg 2019/11/18 v2.7d microtype main configuration file (RS)
)) ("C:\Program Files\MiKTeX\tex/latex/parskip\parskip.sty"
Package: parskip 2020-06-15 v2.0f non-zero parskip adjustments
("C:\Program Files\MiKTeX\tex/latex/kvoptions\kvoptions.sty"
Package: kvoptions 2020-10-07 v3.14 Key value format for package options (HO)
("C:\Program Files\MiKTeX\tex/generic/ltxcmds\ltxcmds.sty"
Package: ltxcmds 2020-05-10 v1.25 LaTeX kernel commands for general use (HO)
) ("C:\Program Files\MiKTeX\tex/generic/kvsetkeys\kvsetkeys.sty"
Package: kvsetkeys 2019/12/15 v1.18 Key value parser (HO)
)) ("C:\Program Files\MiKTeX\tex/latex/etoolbox\etoolbox.sty"
Package: etoolbox 2020/10/05 v2.5k e-TeX tools for LaTeX (JAW)
\etb@tempcnta=\count276
)) ("C:\Program Files\MiKTeX\tex/latex/xcolor\xcolor.sty"
Package: xcolor 2016/05/11 v2.12 LaTeX color extensions (UK)
("C:\Program Files\MiKTeX\tex/latex/graphics-cfg\color.cfg"
File: color.cfg 2016/01/02 v1.6 sample color configuration
)
Package xcolor Info: Driver file: xetex.def on input line 225.
("C:\Program Files\MiKTeX\tex/latex/graphics-def\xetex.def"
File: xetex.def 2020/08/26 v5.0i Graphics/color driver for xetex
)
Package xcolor Info: Model `cmy' substituted by `cmy0' on input line 1348.
Package xcolor Info: Model `RGB' extended on input line 1364.
Package xcolor Info: Model `HTML' substituted by `rgb' on input line 1366.
Package xcolor Info: Model `Hsb' substituted by `hsb' on input line 1367.
Package xcolor Info: Model `tHsb' substituted by `hsb' on input line 1368.
Package xcolor Info: Model `HSB' substituted by `hsb' on input line 1369.
Package xcolor Info: Model `Gray' substituted by `gray' on input line 1370.
Package xcolor Info: Model `wave' substituted by `hsb' on input line 1371.
) ("C:\Program Files\MiKTeX\tex/latex/xurl\xurl.sty"
Package: xurl 2020/01/24 v 0.09 modify URL breaks
("C:\Program Files\MiKTeX\tex/latex/url\url.sty"
\Urlmuskip=\muskip18
Package: url 2013/09/16  ver 3.4  Verb mode for urls, etc.
)) ("C:\Program Files\MiKTeX\tex/latex/bookmark\bookmark.sty"
Package: bookmark 2020-11-06 v1.29 PDF bookmarks (HO)
("C:\Program Files\MiKTeX\tex/latex/hyperref\hyperref.sty"
Package: hyperref 2020-05-15 v7.00e Hypertext links for LaTeX
("C:\Program Files\MiKTeX\tex/generic/pdftexcmds\pdftexcmds.sty"
Package: pdftexcmds 2020-06-27 v0.33 Utility functions of pdfTeX for LuaTeX (HO
)
("C:\Program Files\MiKTeX\tex/generic/infwarerr\infwarerr.sty"
Package: infwarerr 2019/12/03 v1.5 Providing info/warning/error messages (HO)
)
Package pdftexcmds Info: \pdf@primitive is available.
Package pdftexcmds Info: \pdf@ifprimitive is available.
Package pdftexcmds Info: \pdfdraftmode not found.
) ("C:\Program Files\MiKTeX\tex/generic/kvdefinekeys\kvdefinekeys.sty"
Package: kvdefinekeys 2019-12-19 v1.6 Define keys (HO)
) ("C:\Program Files\MiKTeX\tex/generic/pdfescape\pdfescape.sty"
Package: pdfescape 2019/12/09 v1.15 Implements pdfTeX's escape features (HO)
) ("C:\Program Files\MiKTeX\tex/latex/hycolor\hycolor.sty"
Package: hycolor 2020-01-27 v1.10 Color options for hyperref/bookmark (HO)
) ("C:\Program Files\MiKTeX\tex/latex/letltxmacro\letltxmacro.sty"
Package: letltxmacro 2019/12/03 v1.6 Let assignment for LaTeX macros (HO)
) ("C:\Program Files\MiKTeX\tex/latex/auxhook\auxhook.sty"
Package: auxhook 2019-12-17 v1.6 Hooks for auxiliary files (HO)
)
\@linkdim=\dimen152
\Hy@linkcounter=\count277
\Hy@pagecounter=\count278
("C:\Program Files\MiKTeX\tex/latex/hyperref\pd1enc.def"
File: pd1enc.def 2020-05-15 v7.00e Hyperref: PDFDocEncoding definition (HO)
) ("C:\Program Files\MiKTeX\tex/generic/intcalc\intcalc.sty"
Package: intcalc 2019/12/15 v1.3 Expandable calculations with integers (HO)
) ("C:\Program Files\MiKTeX\tex/generic/etexcmds\etexcmds.sty"
Package: etexcmds 2019/12/15 v1.7 Avoid name clashes with e-TeX commands (HO)
)
\Hy@SavedSpaceFactor=\count279
Package hyperref Info: Option `unicode' set `true' on input line 4338.
("C:\Program Files\MiKTeX\tex/latex/hyperref\puenc.def"
File: puenc.def 2020-05-15 v7.00e Hyperref: PDF Unicode definition (HO)
)
Package hyperref Info: Hyper figures OFF on input line 4464.
Package hyperref Info: Link nesting OFF on input line 4469.
Package hyperref Info: Hyper index ON on input line 4472.
Package hyperref Info: Plain pages OFF on input line 4479.
Package hyperref Info: Backreferencing OFF on input line 4484.
Package hyperref Info: Implicit mode ON; LaTeX internals redefined.
Package hyperref Info: Bookmarks ON on input line 4717.
\c@Hy@tempcnt=\count280
LaTeX Info: Redefining \url on input line 5076.
\XeTeXLinkMargin=\dimen153
("C:\Program Files\MiKTeX\tex/generic/bitset\bitset.sty"
Package: bitset 2019/12/09 v1.3 Handle bit-vector datatype (HO)
("C:\Program Files\MiKTeX\tex/generic/bigintcalc\bigintcalc.sty"
Package: bigintcalc 2019/12/15 v1.5 Expandable calculations on big integers (HO
)
))
\Fld@menulength=\count281
\Field@Width=\dimen154
\Fld@charsize=\dimen155
Package hyperref Info: Hyper figures OFF on input line 6347.
Package hyperref Info: Link nesting OFF on input line 6352.
Package hyperref Info: Hyper index ON on input line 6355.
Package hyperref Info: backreferencing OFF on input line 6362.
Package hyperref Info: Link coloring OFF on input line 6367.
Package hyperref Info: Link coloring with OCG OFF on input line 6372.
Package hyperref Info: PDF/A mode OFF on input line 6377.
LaTeX Info: Redefining \ref on input line 6417.
LaTeX Info: Redefining \pageref on input line 6421.
("C:\Program Files\MiKTeX\tex/latex/base\atbegshi-ltx.sty"
Package: atbegshi-ltx 2020/08/17 v1.0a Emulation of the original atbegshi packa
ge
with kernel methods
)
\Hy@abspage=\count282
\c@Item=\count283
\c@Hfootnote=\count284
)
Package hyperref Info: Driver (autodetected): hxetex.
("C:\Program Files\MiKTeX\tex/latex/hyperref\hxetex.def"
File: hxetex.def 2020-05-15 v7.00e Hyperref driver for XeTeX
("C:\Program Files\MiKTeX\tex/generic/stringenc\stringenc.sty"
Package: stringenc 2019/11/29 v1.12 Convert strings between diff. encodings (HO
)
)
\pdfm@box=\box50
\c@Hy@AnnotLevel=\count285
\HyField@AnnotCount=\count286
\Fld@listcount=\count287
\c@bookmark@seq@number=\count288
("C:\Program Files\MiKTeX\tex/latex/rerunfilecheck\rerunfilecheck.sty"
Package: rerunfilecheck 2019/12/05 v1.9 Rerun checks for auxiliary files (HO)
("C:\Program Files\MiKTeX\tex/latex/base\atveryend-ltx.sty"
Package: atveryend-ltx 2020/08/19 v1.0a Emulation of the original atvery packag
e
with kernel methods
) ("C:\Program Files\MiKTeX\tex/generic/uniquecounter\uniquecounter.sty"
Package: uniquecounter 2019/12/15 v1.4 Provide unlimited unique counter (HO)
)
Package uniquecounter Info: New unique counter `rerunfilecheck' on input line 2
86.
)
\Hy@SectionHShift=\skip52
) ("C:\Program Files\MiKTeX\tex/latex/bookmark\bkm-dvipdfm.def"
File: bkm-dvipdfm.def 2020-11-06 v1.29 bookmark driver for dvipdfm (HO)
\BKM@id=\count289
)) ("C:\Program Files\MiKTeX\tex/latex/geometry\geometry.sty"
Package: geometry 2020/01/02 v5.9 Page Geometry
("C:\Program Files\MiKTeX\tex/generic/iftex\ifvtex.sty"
Package: ifvtex 2019/10/25 v1.7 ifvtex legacy package. Use iftex instead.
)
\Gm@cnth=\count290
\Gm@cntv=\count291
\c@Gm@tempcnt=\count292
\Gm@bindingoffset=\dimen156
\Gm@wd@mp=\dimen157
\Gm@odd@mp=\dimen158
\Gm@even@mp=\dimen159
\Gm@layoutwidth=\dimen160
\Gm@layoutheight=\dimen161
\Gm@layouthoffset=\dimen162
\Gm@layoutvoffset=\dimen163
\Gm@dimlist=\toks23
("C:\Program Files\MiKTeX\tex/xelatex/xetexconfig\geometry.cfg")) ("C:\Program 
Files\MiKTeX\tex/latex/fancyvrb\fancyvrb.sty"
Package: fancyvrb 2020/05/03 v3.6 verbatim text (tvz,hv)
\FV@CodeLineNo=\count293
\FV@InFile=\read2
\FV@TabBox=\box51
\c@FancyVerbLine=\count294
\FV@StepNumber=\count295
\FV@OutFile=\write3
) ("C:\Program Files\MiKTeX\tex/latex/framed\framed.sty"
Package: framed 2011/10/22 v 0.96: framed or shaded text with page breaks
\OuterFrameSep=\skip53
\fb@frw=\dimen164
\fb@frh=\dimen165
\FrameRule=\dimen166
\FrameSep=\dimen167
) ("C:\Program Files\MiKTeX\tex/latex/graphics\graphicx.sty"
Package: graphicx 2020/09/09 v1.2b Enhanced LaTeX Graphics (DPC,SPQR)
("C:\Program Files\MiKTeX\tex/latex/graphics\graphics.sty"
Package: graphics 2020/08/30 v1.4c Standard LaTeX Graphics (DPC,SPQR)
("C:\Program Files\MiKTeX\tex/latex/graphics\trig.sty"
Package: trig 2016/01/03 v1.10 sin cos tan (DPC)
) ("C:\Program Files\MiKTeX\tex/latex/graphics-cfg\graphics.cfg"
File: graphics.cfg 2016/06/04 v1.11 sample graphics configuration
)
Package graphics Info: Driver file: xetex.def on input line 105.
)
\Gin@req@height=\dimen168
\Gin@req@width=\dimen169
) ("C:\Program Files\MiKTeX\tex/latex/grffile\grffile.sty"
Package: grffile 2019/11/11 v2.1 Extended file name support for graphics (legac
y)
Package grffile Info: This package is an empty stub for compatibility on input 
line 40.
) ("C:\Program Files\MiKTeX\tex/generic/babel\babel.sty"
Package: babel 2020/10/27 3.51 The Babel package
("C:\Program Files\MiKTeX\tex/generic/babel\babel.def"
File: babel.def 2020/10/27 3.51 Babel common definitions
\babel@savecnt=\count296
\U@D=\dimen170
\l@babelnohyphens=\language79
("C:\Program Files\MiKTeX\tex/generic/babel\xebabel.def" ("C:\Program Files\MiK
TeX\tex/generic/babel\txtbabel.def"))
\bbl@readstream=\read3
)
\bbl@dirlevel=\count297
*************************************
* Local config file bblopts.cfg used
*
("C:\Program Files\MiKTeX\tex/latex/arabi\bblopts.cfg"
File: bblopts.cfg 2005/09/08 v0.1 add Arabic and Farsi to "declared" options of
 babel
) ("C:\Program Files\MiKTeX\tex/latex/babel-portuges\brazilian.ldf"
Language: portuges 2020/05/04 v1.2r Portuguese support from the babel system
Package babel Info: \l@brazilian = using hyphenrules for portuguese
(babel)             (\language56) on input line 111.
Package babel Info: Making " an active character on input line 143.
)) ("C:\Program Files\MiKTeX\tex/latex/base\inputenc.sty"
Package: inputenc 2020/08/01 v1.3d Input encoding file
\inpenc@prehook=\toks24
\inpenc@posthook=\toks25

Package inputenc Warning: inputenc package ignored with utf8 based engines.

)
No file lista_1.aux.
\openout1 = `lista_1.aux'.

LaTeX Font Info:    Checking defaults for OML/cmm/m/it on input line 109.
LaTeX Font Info:    ... okay on input line 109.
LaTeX Font Info:    Checking defaults for OMS/cmsy/m/n on input line 109.
LaTeX Font Info:    ... okay on input line 109.
LaTeX Font Info:    Checking defaults for OT1/cmr/m/n on input line 109.
LaTeX Font Info:    ... okay on input line 109.
LaTeX Font Info:    Checking defaults for T1/cmr/m/n on input line 109.
LaTeX Font Info:    ... okay on input line 109.
LaTeX Font Info:    Checking defaults for TS1/cmr/m/n on input line 109.
LaTeX Font Info:    ... okay on input line 109.
LaTeX Font Info:    Checking defaults for TU/lmr/m/n on input line 109.
LaTeX Font Info:    ... okay on input line 109.
LaTeX Font Info:    Checking defaults for OMX/cmex/m/n on input line 109.
LaTeX Font Info:    ... okay on input line 109.
LaTeX Font Info:    Checking defaults for U/cmr/m/n on input line 109.
LaTeX Font Info:    ... okay on input line 109.
LaTeX Font Info:    Checking defaults for PD1/pdf/m/n on input line 109.
LaTeX Font Info:    ... okay on input line 109.
LaTeX Font Info:    Checking defaults for PU/pdf/m/n on input line 109.
LaTeX Font Info:    ... okay on input line 109.
LaTeX Font Info:    Overwriting math alphabet `\mathrm' in version `normal'
(Font)                  OT1/lmr/m/n --> TU/lmr/m/n on input line 109.
LaTeX Font Info:    Overwriting math alphabet `\mathit' in version `normal'
(Font)                  OT1/lmr/m/it --> TU/lmr/m/it on input line 109.
LaTeX Font Info:    Overwriting math alphabet `\mathbf' in version `normal'
(Font)                  OT1/lmr/bx/n --> TU/lmr/bx/n on input line 109.
LaTeX Font Info:    Overwriting math alphabet `\mathsf' in version `normal'
(Font)                  OT1/lmss/m/n --> TU/lmss/m/n on input line 109.
LaTeX Font Info:    Overwriting math alphabet `\mathsf' in version `bold'
(Font)                  OT1/lmss/bx/n --> TU/lmss/bx/n on input line 109.
LaTeX Font Info:    Overwriting math alphabet `\mathtt' in version `normal'
(Font)                  OT1/lmtt/m/n --> TU/lmtt/m/n on input line 109.
LaTeX Font Info:    Overwriting math alphabet `\mathtt' in version `bold'
(Font)                  OT1/lmtt/m/n --> TU/lmtt/bx/n on input line 109.

! Package fontspec Error: The font "latinmodern-math" cannot be found.

For immediate help type H <return>.
 ...                                              
                                                  
l.109 \begin{document}
                       
Here is how much of TeX's memory you used:
 18345 strings out of 412197
 310860 string characters out of 2853959
 743304 words of memory out of 3000000
 37712 multiletter control sequences out of 15000+200000
 535464 words of font info for 32 fonts, out of 3000000 for 9000
 1348 hyphenation exceptions out of 8191
 94i,1n,98p,514b,268s stack positions out of 5000i,500n,10000p,200000b,50000s

No pages of output.


! Unfortunately, the package lm-math could not be installed.
! Please check the log file:
! C:\Users\mig_s\AppData\Local\MiKTeX\miktex\log\xelatex.log
! This is METAFONT, Version 2.7182818 (MiKTeX 20.11)

! (C:\Program Files\MiKTeX\fonts/source/public/othello\OT.mf
! >> (0,0,line_thickness,0,0,line_thickness)
! ! Transform components aren't all known.
! <to be read again> 
!                    ;
! set_black_circle->...circle.scaled.line_thickness;
!                                                   lft.x1=1/22size;y1=1/2size...
! l.39 set_black_circle
!                      ;
! >> 0.04347x2+0.52174
! ! Undefined x coordinate has been replaced by 0.
! <to be read again> 
!                    ..
! set_black_circle->...size;y2=1/2size;filldraw.z1..
!                                                   z2..cycle;black_circle:=cu...
! l.39 set_black_circle
!                      ;
! >> 0.47826x2+0.23914
! ! Undefined y coordinate has been replaced by 0.
! <to be read again> 
!                    ..
! set_black_circle->...size;y2=1/2size;filldraw.z1..
!                                                   z2..cycle;black_circle:=cu...
! l.39 set_black_circle
!                      ;
! >> x2
! ! Undefined x coordinate has been replaced by 0.
! <to be read again> 
!                    ..
! set_black_circle->...;y2=1/2size;filldraw.z1..z2..
!                                                   cycle;black_circle:=curren...
! l.39 set_black_circle
!                      ;
! >> 0.47826x2+0.23914
! ! Undefined y coordinate has been replaced by 0.
! <to be read again> 
!                    ..
! set_black_circle->...;y2=1/2size;filldraw.z1..z2..
!                                                   cycle;black_circle:=curren...
! l.39 set_black_circle
!                      ;
! >> 0.1314size
! ! Internal quantity `charwd' must receive a known value.
! <to be read again> 
!                    ;
! beginchar->...byte(EXPR0)else:0fi;charwd:=(EXPR1);
!                                                   charht:=(EXPR2);chardp:=(E...
! l.47 beginchar(0,24/22size#,23/22size#,1/22size#)
!                                                  ; "punkt hoshi";
! >> 0.12593size
! ! Internal quantity `charht' must receive a known value.
! <to be read again> 
!                    ;
! beginchar->...0fi;charwd:=(EXPR1);charht:=(EXPR2);
!                                                   chardp:=(EXPR3);w:=hround(...
! l.47 beginchar(0,24/22size#,23/22size#,1/22size#)
!                                                  ; "punkt hoshi";
! >> 0.00548size
! ! Internal quantity `chardp' must receive a known value.
! <to be read again> 
!                    ;
! beginchar->...R1);charht:=(EXPR2);chardp:=(EXPR3);
!                                                   w:=hround(charwd*hppp);h:=...
! l.47 beginchar(0,24/22size#,23/22size#,1/22size#)
!                                                  ; "punkt hoshi";
! >> (0,0,line_thickness,0,0,line_thickness)
! ! Transform components aren't all known.
! <to be read again> 
!                    ;
! l.49   pickup pencircle scaled line_thickness;
                                              
! >> -0.1size
! ! Undefined x coordinate has been replaced by 0.
! <to be read again> 
!                    ..
! l.67   filldraw z5..
!                     z6..cycle;
! >> 0.1size
! ! Undefined x coordinate has been replaced by 0.
! <to be read again> 
!                    ..
! l.67   filldraw z5..z6..
!                         cycle;
! [0]
! >> 0.1314size
! ! Internal quantity `charwd' must receive a known value.
! <to be read again> 
!                    ;
! beginchar->...byte(EXPR0)else:0fi;charwd:=(EXPR1);
!                                                   charht:=(EXPR2);chardp:=(E...
! l.79 beginchar(1,24/22size#,23/22size#,1/22size#)
!                                                  ; "pelny krzyz";
! >> 0.12593size
! ! Internal quantity `charht' must receive a known value.
! <to be read again> 
!                    ;
! beginchar->...0fi;charwd:=(EXPR1);charht:=(EXPR2);
!                                                   chardp:=(EXPR3);w:=hround(...
! l.79 beginchar(1,24/22size#,23/22size#,1/22size#)
!                                                  ; "pelny krzyz";
! >> 0.00548size
! ! Internal quantity `chardp' must receive a known value.
! <to be read again> 
!                    ;
! beginchar->...R1);charht:=(EXPR2);chardp:=(EXPR3);
!                                                   w:=hround(charwd*hppp);h:=...
! l.79 beginchar(1,24/22size#,23/22size#,1/22size#)
!                                                  ; "pelny krzyz";
! >> (0,0,line_thickness,0,0,line_thickness)
! ! Transform components aren't all known.
! <to be read again> 
!                    ;
! l.81   pickup pencircle scaled line_thickness;
                                              
! [1]
! >> 0.1314size
! ! Internal quantity `charwd' must receive a known value.
! <to be read again> 
!                    ;
! beginchar->...byte(EXPR0)else:0fi;charwd:=(EXPR1);
!                                                   charht:=(EXPR2);chardp:=(E...
! l.105 beginchar(2,24/22size#,23/22size#,1/22size#)
!                                                   ; "lewy brzeg";
! >> 0.12593size
! ! Internal quantity `charht' must receive a known value.
! <to be read again> 
!                    ;
! beginchar->...0fi;charwd:=(EXPR1);charht:=(EXPR2);
!                                                   chardp:=(EXPR3);w:=hround(...
! l.105 beginchar(2,24/22size#,23/22size#,1/22size#)
!                                                   ; "lewy brzeg";
! >> 0.00548size
! ! Internal quantity `chardp' must receive a known value.
! <to be read again> 
!                    ;
! beginchar->...R1);charht:=(EXPR2);chardp:=(EXPR3);
!                                                   w:=hround(charwd*hppp);h:=...
! l.105 beginchar(2,24/22size#,23/22size#,1/22size#)
!                                                   ; "lewy brzeg";
! >> (0,0,line_thickness,0,0,line_thickness)
! ! Transform components aren't all known.
! <to be read again> 
!                    ;
! l.107   pickup pencircle scaled line_thickness;
                                               
! >> (0,0,border_line_thickness,0,0,border_line_thickness)
! ! Transform components aren't all known.
! <to be read again> 
!                    ;
! l.119 ...p pencircle scaled border_line_thickness;
                                                  
! [2]
! >> 0.1314size
! ! Internal quantity `charwd' must receive a known value.
! <to be read again> 
!                    ;
! beginchar->...byte(EXPR0)else:0fi;charwd:=(EXPR1);
!                                                   charht:=(EXPR2);chardp:=(E...
! l.133 beginchar(3,24/22size#,23/22size#,1/22size#)
!                                                   ; "prawy brzeg";
! >> 0.12593size
! ! Internal quantity `charht' must receive a known value.
! <to be read again> 
!                    ;
! beginchar->...0fi;charwd:=(EXPR1);charht:=(EXPR2);
!                                                   chardp:=(EXPR3);w:=hround(...
! l.133 beginchar(3,24/22size#,23/22size#,1/22size#)
!                                                   ; "prawy brzeg";
! >> 0.00548size
! ! Internal quantity `chardp' must receive a known value.
! <to be read again> 
!                    ;
! beginchar->...R1);charht:=(EXPR2);chardp:=(EXPR3);
!                                                   w:=hround(charwd*hppp);h:=...
! l.133 beginchar(3,24/22size#,23/22size#,1/22size#)
!                                                   ; "prawy brzeg";
! >> (0,0,line_thickness,0,0,line_thickness)
! ! Transform components aren't all known.
! <to be read again> 
!                    ;
! l.135   pickup pencircle scaled line_thickness;
                                               
! >> (0,0,border_line_thickness,0,0,border_line_thickness)
! ! Transform components aren't all known.
! <to be read again> 
!                    ;
! l.147 ...p pencircle scaled border_line_thickness;
                                                  
! [3]
! >> 0.1314size
! ! Internal quantity `charwd' must receive a known value.
! <to be read again> 
!                    ;
! beginchar->...byte(EXPR0)else:0fi;charwd:=(EXPR1);
!                                                   charht:=(EXPR2);chardp:=(E...
! l.161 beginchar(4,24/22size#,23/22size#,1/22size#)
!                                                   ; "gorny brzeg";
! >> 0.12593size
! ! Internal quantity `charht' must receive a known value.
! <to be read again> 
!                    ;
! beginchar->...0fi;charwd:=(EXPR1);charht:=(EXPR2);
!                                                   chardp:=(EXPR3);w:=hround(...
! l.161 beginchar(4,24/22size#,23/22size#,1/22size#)
!                                                   ; "gorny brzeg";
! >> 0.00548size
! ! Internal quantity `chardp' must receive a known value.
! <to be read again> 
!                    ;
! beginchar->...R1);charht:=(EXPR2);chardp:=(EXPR3);
!                                                   w:=hround(charwd*hppp);h:=...
! l.161 beginchar(4,24/22size#,23/22size#,1/22size#)
!                                                   ; "gorny brzeg";
! >> (0,0,border_line_thickness,0,0,border_line_thickness)
! ! Transform components aren't all known.
! <to be read again> 
!                    ;
! l.163 ...p pencircle scaled border_line_thickness;
                                                  
! >> (0,0,line_thickness,0,0,line_thickness)
! ! Transform components aren't all known.
! <to be read again> 
!                    ;
! l.175   pickup pencircle scaled line_thickness;
                                               
! [4]
! >> 0.1314size
! ! Internal quantity `charwd' must receive a known value.
! <to be read again> 
!                    ;
! beginchar->...byte(EXPR0)else:0fi;charwd:=(EXPR1);
!                                                   charht:=(EXPR2);chardp:=(E...
! l.189 beginchar(5,24/22size#,23/22size#,1/22size#)
!                                                   ; "dolny brzeg";
! >> 0.12593size
! ! Internal quantity `charht' must receive a known value.
! <to be read again> 
!                    ;
! beginchar->...0fi;charwd:=(EXPR1);charht:=(EXPR2);
!                                                   chardp:=(EXPR3);w:=hround(...
! l.189 beginchar(5,24/22size#,23/22size#,1/22size#)
!                                                   ; "dolny brzeg";
! >> 0.00548size
! ! Internal quantity `chardp' must receive a known value.
! <to be read again> 
!                    ;
! beginchar->...R1);charht:=(EXPR2);chardp:=(EXPR3);
!                                                   w:=hround(charwd*hppp);h:=...
! l.189 beginchar(5,24/22size#,23/22size#,1/22size#)
!                                                   ; "dolny brzeg";
! >> (0,0,border_line_thickness,0,0,border_line_thickness)
! ! Transform components aren't all known.
! <to be read again> 
!                    ;
! l.191 ...p pencircle scaled border_line_thickness;
                                                  
! >> (0,0,line_thickness,0,0,line_thickness)
! ! Transform components aren't all known.
! <to be read again> 
!                    ;
! l.203   pickup pencircle scaled line_thickness;
                                               
! [5]
! >> 0.1314size
! ! Internal quantity `charwd' must receive a known value.
! <to be read again> 
!                    ;
! beginchar->...byte(EXPR0)else:0fi;charwd:=(EXPR1);
!                                                   charht:=(EXPR2);chardp:=(E...
! l.217 beginchar(6,24/22size#,23/22size#,1/22size#)
!                                                   ; "lewy gorny rog";
! >> 0.12593size
! ! Internal quantity `charht' must receive a known value.
! <to be read again> 
!                    ;
! beginchar->...0fi;charwd:=(EXPR1);charht:=(EXPR2);
!                                                   chardp:=(EXPR3);w:=hround(...
! l.217 beginchar(6,24/22size#,23/22size#,1/22size#)
!                                                   ; "lewy gorny rog";
! >> 0.00548size
! ! Internal quantity `chardp' must receive a known value.
! <to be read again> 
!                    ;
! beginchar->...R1);charht:=(EXPR2);chardp:=(EXPR3);
!                                                   w:=hround(charwd*hppp);h:=...
! l.217 beginchar(6,24/22size#,23/22size#,1/22size#)
!                                                   ; "lewy gorny rog";
! >> (0,0,border_line_thickness,0,0,border_line_thickness)
! ! Transform components aren't all known.
! <to be read again> 
!                    ;
! l.219 ...p pencircle scaled border_line_thickness;
                                                  
! >> (0,0,border_line_thickness,0,0,border_line_thickness)
! ! Transform components aren't all known.
! <to be read again> 
!                    ;
! l.233 ...up penrazor scaled border_line_thickness;
                                                  
! >> 0.5border_line_thickness
! ! Undefined y coordinate has been replaced by 0.
! <to be read again> 
!                    ..
! l.239   draw z5..
!                  z6;
! >> -0.5border_line_thickness
! ! Undefined y coordinate has been replaced by 0.
! <to be read again> 
!                    ;
! l.239   draw z5..z6;
                    
! [6]
! >> 0.1314size
! ! Internal quantity `charwd' must receive a known value.
! <to be read again> 
!                    ;
! beginchar->...byte(EXPR0)else:0fi;charwd:=(EXPR1);
!                                                   charht:=(EXPR2);chardp:=(E...
! l.251 beginchar(7,24/22size#,23/22size#,1/22size#)
!                                                   ; "prawy gorny rog";
! >> 0.12593size
! ! Internal quantity `charht' must receive a known value.
! <to be read again> 
!                    ;
! beginchar->...0fi;charwd:=(EXPR1);charht:=(EXPR2);
!                                                   chardp:=(EXPR3);w:=hround(...
! l.251 beginchar(7,24/22size#,23/22size#,1/22size#)
!                                                   ; "prawy gorny rog";
! >> 0.00548size
! ! Internal quantity `chardp' must receive a known value.
! <to be read again> 
!                    ;
! beginchar->...R1);charht:=(EXPR2);chardp:=(EXPR3);
!                                                   w:=hround(charwd*hppp);h:=...
! l.251 beginchar(7,24/22size#,23/22size#,1/22size#)
!                                                   ; "prawy gorny rog";
! >> (0,0,border_line_thickness,0,0,border_line_thickness)
! ! Transform components aren't all known.
! <to be read again> 
!                    ;
! l.253 ...p pencircle scaled border_line_thickness;
                                                  
! >> (0,0,border_line_thickness,0,0,border_line_thickness)
! ! Transform components aren't all known.
! <to be read again> 
!                    ;
! l.267 ...up penrazor scaled border_line_thickness;
                                                  
! >> 0.5border_line_thickness
! ! Undefined y coordinate has been replaced by 0.
! <to be read again> 
!                    ..
! l.273   draw z5..
!                  z6;
! >> -0.5border_line_thickness
! ! Undefined y coordinate has been replaced by 0.
! <to be read again> 
!                    ;
! l.273   draw z5..z6;
                    
! [7]
! >> 0.1314size
! ! Internal quantity `charwd' must receive a known value.
! <to be read again> 
!                    ;
! beginchar->...byte(EXPR0)else:0fi;charwd:=(EXPR1);
!                                                   charht:=(EXPR2);chardp:=(E...
! l.285 beginchar(8,24/22size#,23/22size#,1/22size#)
!                                                   ; "lewy dolny rog";
! >> 0.12593size
! ! Internal quantity `charht' must receive a known value.
! <to be read again> 
!                    ;
! beginchar->...0fi;charwd:=(EXPR1);charht:=(EXPR2);
!                                                   chardp:=(EXPR3);w:=hround(...
! l.285 beginchar(8,24/22size#,23/22size#,1/22size#)
!                                                   ; "lewy dolny rog";
! >> 0.00548size
! ! Internal quantity `chardp' must receive a known value.
! <to be read again> 
!                    ;
! beginchar->...R1);charht:=(EXPR2);chardp:=(EXPR3);
!                                                   w:=hround(charwd*hppp);h:=...
! l.285 beginchar(8,24/22size#,23/22size#,1/22size#)
!                                                   ; "lewy dolny rog";
! >> (0,0,border_line_thickness,0,0,border_line_thickness)
! ! Transform components aren't all known.
! <to be read again> 
!                    ;
! l.287 ...p pencircle scaled border_line_thickness;
                                                  
! >> (0,0,border_line_thickness,0,0,border_line_thickness)
! ! Transform components aren't all known.
! <to be read again> 
!                    ;
! l.301 ...up penrazor scaled border_line_thickness;
                                                  
! >> 0.5border_line_thickness
! ! Undefined y coordinate has been replaced by 0.
! <to be read again> 
!                    ..
! l.307   draw z5..
!                  z6;
! >> -0.5border_line_thickness
! ! Undefined y coordinate has been replaced by 0.
! <to be read again> 
!                    ;
! l.307   draw z5..z6;
                    
! [8]
! >> 0.1314size
! ! Internal quantity `charwd' must receive a known value.
! <to be read again> 
!                    ;
! beginchar->...byte(EXPR0)else:0fi;charwd:=(EXPR1);
!                                                   charht:=(EXPR2);chardp:=(E...
! l.319 beginchar(9,24/22size#,23/22size#,1/22size#)
!                                                   ; "prawy dolny rog";
! >> 0.12593size
! ! Internal quantity `charht' must receive a known value.
! <to be read again> 
!                    ;
! beginchar->...0fi;charwd:=(EXPR1);charht:=(EXPR2);
!                                                   chardp:=(EXPR3);w:=hround(...
! l.319 beginchar(9,24/22size#,23/22size#,1/22size#)
!                                                   ; "prawy dolny rog";
! >> 0.00548size
! ! Internal quantity `chardp' must receive a known value.
! <to be read again> 
!                    ;
! beginchar->...R1);charht:=(EXPR2);chardp:=(EXPR3);
!                                                   w:=hround(charwd*hppp);h:=...
! l.319 beginchar(9,24/22size#,23/22size#,1/22size#)
!                                                   ; "prawy dolny rog";
! >> (0,0,border_line_thickness,0,0,border_line_thickness)
! ! Transform components aren't all known.
! <to be read again> 
!                    ;
! l.321 ...p pencircle scaled border_line_thickness;
                                                  
! >> (0,0,border_line_thickness,0,0,border_line_thickness)
! ! Transform components aren't all known.
! <to be read again> 
!                    ;
! l.335 ...up penrazor scaled border_line_thickness;
                                                  
! >> 0.5border_line_thickness
! ! Undefined y coordinate has been replaced by 0.
! <to be read again> 
!                    ..
! l.341   draw z5..
!                  z6;
! >> -0.5border_line_thickness
! ! Undefined y coordinate has been replaced by 0.
! <to be read again> 
!                    ;
! l.341   draw z5..z6;
                    
! [9]
! >> 0.1314size
! ! Internal quantity `charwd' must receive a known value.
! <to be read again> 
!                    ;
! beginchar->...byte(EXPR0)else:0fi;charwd:=(EXPR1);
!                                                   charht:=(EXPR2);chardp:=(E...
! l.353 ...nchar(10,24/22size#,23/22size#,1/22size#)
!                                                   ; "pelny krzyz - pion";
! >> 0.12593size
! ! Internal quantity `charht' must receive a known value.
! <to be read again> 
!                    ;
! beginchar->...0fi;charwd:=(EXPR1);charht:=(EXPR2);
!                                                   chardp:=(EXPR3);w:=hround(...
! l.353 ...nchar(10,24/22size#,23/22size#,1/22size#)
!                                                   ; "pelny krzyz - pion";
! >> 0.00548size
! ! Internal quantity `chardp' must receive a known value.
! <to be read again> 
!                    ;
! beginchar->...R1);charht:=(EXPR2);chardp:=(EXPR3);
!                                                   w:=hround(charwd*hppp);h:=...
! l.353 ...nchar(10,24/22size#,23/22size#,1/22size#)
!                                                   ; "pelny krzyz - pion";
! >> (0,0,line_thickness,0,0,line_thickness)
! ! Transform components aren't all known.
! <to be read again> 
!                    ;
! l.355   pickup pencircle scaled line_thickness;
                                               
! [10]
! >> 0.1314size
! ! Internal quantity `charwd' must receive a known value.
! <to be read again> 
!                    ;
! beginchar->...byte(EXPR0)else:0fi;charwd:=(EXPR1);
!                                                   charht:=(EXPR2);chardp:=(E...
! l.383 ...nchar(11,24/22size#,23/22size#,1/22size#)
!                                                   ; "lewy brzeg - pion";
! >> 0.12593size
! ! Internal quantity `charht' must receive a known value.
! <to be read again> 
!                    ;
! beginchar->...0fi;charwd:=(EXPR1);charht:=(EXPR2);
!                                                   chardp:=(EXPR3);w:=hround(...
! l.383 ...nchar(11,24/22size#,23/22size#,1/22size#)
!                                                   ; "lewy brzeg - pion";
! >> 0.00548size
! ! Internal quantity `chardp' must receive a known value.
! <to be read again> 
!                    ;
! beginchar->...R1);charht:=(EXPR2);chardp:=(EXPR3);
!                                                   w:=hround(charwd*hppp);h:=...
! l.383 ...nchar(11,24/22size#,23/22size#,1/22size#)
!                                                   ; "lewy brzeg - pion";
! >> (0,0,line_thickness,0,0,line_thickness)
! ! Transform components aren't all known.
! <to be read again> 
!                    ;
! l.385   pickup pencircle scaled line_thickness;
                                               
! >> (0,0,border_line_thickness,0,0,border_line_thickness)
! ! Transform components aren't all known.
! <to be read again> 
!                    ;
! l.397 ...p pencircle scaled border_line_thickness;
                                                  
! [11]
! >> 0.1314size
! ! Internal quantity `charwd' must receive a known value.
! <to be read again> 
!                    ;
! beginchar->...byte(EXPR0)else:0fi;charwd:=(EXPR1);
!                                                   charht:=(EXPR2);chardp:=(E...
! l.415 ...nchar(12,24/22size#,23/22size#,1/22size#)
!                                                   ; "prawy brzeg - pion";
! >> 0.12593size
! ! Internal quantity `charht' must receive a known value.
! <to be read again> 
!                    ;
! beginchar->...0fi;charwd:=(EXPR1);charht:=(EXPR2);
!                                                   chardp:=(EXPR3);w:=hround(...
! l.415 ...nchar(12,24/22size#,23/22size#,1/22size#)
!                                                   ; "prawy brzeg - pion";
! >> 0.00548size
! ! Internal quantity `chardp' must receive a known value.
! <to be read again> 
!                    ;
! beginchar->...R1);charht:=(EXPR2);chardp:=(EXPR3);
!                                                   w:=hround(charwd*hppp);h:=...
! l.415 ...nchar(12,24/22size#,23/22size#,1/22size#)
!                                                   ; "prawy brzeg - pion";
! >> (0,0,line_thickness,0,0,line_thickness)
! ! Transform components aren't all known.
! <to be read again> 
!                    ;
! l.417   pickup pencircle scaled line_thickness;
                                               
! >> (0,0,border_line_thickness,0,0,border_line_thickness)
! ! Transform components aren't all known.
! <to be read again> 
!                    ;
! l.429 ...p pencircle scaled border_line_thickness;
                                                  
! [12]
! >> 0.1314size
! ! Internal quantity `charwd' must receive a known value.
! <to be read again> 
!                    ;
! beginchar->...byte(EXPR0)else:0fi;charwd:=(EXPR1);
!                                                   charht:=(EXPR2);chardp:=(E...
! l.447 ...nchar(13,24/22size#,23/22size#,1/22size#)
!                                                   ; "gorny brzeg - pion";
! >> 0.12593size
! ! Internal quantity `charht' must receive a known value.
! <to be read again> 
!                    ;
! beginchar->...0fi;charwd:=(EXPR1);charht:=(EXPR2);
!                                                   chardp:=(EXPR3);w:=hround(...
! l.447 ...nchar(13,24/22size#,23/22size#,1/22size#)
!                                                   ; "gorny brzeg - pion";
! >> 0.00548size
! ! Internal quantity `chardp' must receive a known value.
! <to be read again> 
!                    ;
! beginchar->...R1);charht:=(EXPR2);chardp:=(EXPR3);
!                                                   w:=hround(charwd*hppp);h:=...
! l.447 ...nchar(13,24/22size#,23/22size#,1/22size#)
!                                                   ; "gorny brzeg - pion";
! >> (0,0,border_line_thickness,0,0,border_line_thickness)
! ! Transform components aren't all known.
! <to be read again> 
!                    ;
! l.449 ...p pencircle scaled border_line_thickness;
                                                  
! >> (0,0,line_thickness,0,0,line_thickness)
! ! Transform components aren't all known.
! <to be read again> 
!                    ;
! l.461   pickup pencircle scaled line_thickness;
                                               
! [13]
! >> 0.1314size
! ! Internal quantity `charwd' must receive a known value.
! <to be read again> 
!                    ;
! beginchar->...byte(EXPR0)else:0fi;charwd:=(EXPR1);
!                                                   charht:=(EXPR2);chardp:=(E...
! l.479 ...nchar(14,24/22size#,23/22size#,1/22size#)
!                                                   ; "dolny brzeg - pion";
! >> 0.12593size
! ! Internal quantity `charht' must receive a known value.
! <to be read again> 
!                    ;
! beginchar->...0fi;charwd:=(EXPR1);charht:=(EXPR2);
!                                                   chardp:=(EXPR3);w:=hround(...
! l.479 ...nchar(14,24/22size#,23/22size#,1/22size#)
!                                                   ; "dolny brzeg - pion";
! >> 0.00548size
! ! Internal quantity `chardp' must receive a known value.
! <to be read again> 
!                    ;
! beginchar->...R1);charht:=(EXPR2);chardp:=(EXPR3);
!                                                   w:=hround(charwd*hppp);h:=...
! l.479 ...nchar(14,24/22size#,23/22size#,1/22size#)
!                                                   ; "dolny brzeg - pion";
! >> (0,0,border_line_thickness,0,0,border_line_thickness)
! ! Transform components aren't all known.
! <to be read again> 
!                    ;
! l.481 ...p pencircle scaled border_line_thickness;
                                                  
! >> (0,0,line_thickness,0,0,line_thickness)
! ! Transform components aren't all known.
! <to be read again> 
!                    ;
! l.493   pickup pencircle scaled line_thickness;
                                               
! [14]
! >> 0.1314size
! ! Internal quantity `charwd' must receive a known value.
! <to be read again> 
!                    ;
! beginchar->...byte(EXPR0)else:0fi;charwd:=(EXPR1);
!                                                   charht:=(EXPR2);chardp:=(E...
! l.511 ...nchar(15,24/22size#,23/22size#,1/22size#)
!                                                   ; "lewy gorny rog - pion";
! >> 0.12593size
! ! Internal quantity `charht' must receive a known value.
! <to be read again> 
!                    ;
! beginchar->...0fi;charwd:=(EXPR1);charht:=(EXPR2);
!                                                   chardp:=(EXPR3);w:=hround(...
! l.511 ...nchar(15,24/22size#,23/22size#,1/22size#)
!                                                   ; "lewy gorny rog - pion";
! >> 0.00548size
! ! Internal quantity `chardp' must receive a known value.
! <to be read again> 
!                    ;
! beginchar->...R1);charht:=(EXPR2);chardp:=(EXPR3);
!                                                   w:=hround(charwd*hppp);h:=...
! l.511 ...nchar(15,24/22size#,23/22size#,1/22size#)
!                                                   ; "lewy gorny rog - pion";
! >> (0,0,border_line_thickness,0,0,border_line_thickness)
! ! Transform components aren't all known.
! <to be read again> 
!                    ;
! l.513 ...p pencircle scaled border_line_thickness;
                                                  
! >> (0,0,border_line_thickness,0,0,border_line_thickness)
! ! Transform components aren't all known.
! <to be read again> 
!                    ;
! l.527 ...up penrazor scaled border_line_thickness;
                                                  
! >> 0.5border_line_thickness
! ! Undefined y coordinate has been replaced by 0.
! <to be read again> 
!                    ..
! l.533   draw z5..
!                  z6;
! >> -0.5border_line_thickness
! ! Undefined y coordinate has been replaced by 0.
! <to be read again> 
!                    ;
! l.533   draw z5..z6;
                    
! [15]
! >> 0.1314size
! ! Internal quantity `charwd' must receive a known value.
! <to be read again> 
!                    ;
! beginchar->...byte(EXPR0)else:0fi;charwd:=(EXPR1);
!                                                   charht:=(EXPR2);chardp:=(E...
! l.549 ...nchar(16,24/22size#,23/22size#,1/22size#)
!                                                   ; "prawy gorny rog - pion";
! >> 0.12593size
! ! Internal quantity `charht' must receive a known value.
! <to be read again> 
!                    ;
! beginchar->...0fi;charwd:=(EXPR1);charht:=(EXPR2);
!                                                   chardp:=(EXPR3);w:=hround(...
! l.549 ...nchar(16,24/22size#,23/22size#,1/22size#)
!                                                   ; "prawy gorny rog - pion";
! >> 0.00548size
! ! Internal quantity `chardp' must receive a known value.
! <to be read again> 
!                    ;
! beginchar->...R1);charht:=(EXPR2);chardp:=(EXPR3);
!                                                   w:=hround(charwd*hppp);h:=...
! l.549 ...nchar(16,24/22size#,23/22size#,1/22size#)
!                                                   ; "prawy gorny rog - pion";
! >> (0,0,border_line_thickness,0,0,border_line_thickness)
! ! Transform components aren't all known.
! <to be read again> 
!                    ;
! l.551 ...p pencircle scaled border_line_thickness;
                                                  
! >> (0,0,border_line_thickness,0,0,border_line_thickness)
! ! Transform components aren't all known.
! <to be read again> 
!                    ;
! l.565 ...up penrazor scaled border_line_thickness;
                                                  
! >> 0.5border_line_thickness
! ! Undefined y coordinate has been replaced by 0.
! <to be read again> 
!                    ..
! l.571   draw z5..
!                  z6;
! >> -0.5border_line_thickness
! ! Undefined y coordinate has been replaced by 0.
! <to be read again> 
!                    ;
! l.571   draw z5..z6;
                    
! [16]
! >> 0.1314size
! ! Internal quantity `charwd' must receive a known value.
! <to be read again> 
!                    ;
! beginchar->...byte(EXPR0)else:0fi;charwd:=(EXPR1);
!                                                   charht:=(EXPR2);chardp:=(E...
! l.587 ...nchar(17,24/22size#,23/22size#,1/22size#)
!                                                   ; "lewy dolny rog - pion";
! >> 0.12593size
! ! Internal quantity `charht' must receive a known value.
! <to be read again> 
!                    ;
! beginchar->...0fi;charwd:=(EXPR1);charht:=(EXPR2);
!                                                   chardp:=(EXPR3);w:=hround(...
! l.587 ...nchar(17,24/22size#,23/22size#,1/22size#)
!                                                   ; "lewy dolny rog - pion";
! >> 0.00548size
! ! Internal quantity `chardp' must receive a known value.
! <to be read again> 
!                    ;
! beginchar->...R1);charht:=(EXPR2);chardp:=(EXPR3);
!                                                   w:=hround(charwd*hppp);h:=...
! l.587 ...nchar(17,24/22size#,23/22size#,1/22size#)
!                                                   ; "lewy dolny rog - pion";
! >> (0,0,border_line_thickness,0,0,border_line_thickness)
! ! Transform components aren't all known.
! <to be read again> 
!                    ;
! l.589 ...p pencircle scaled border_line_thickness;
                                                  
! >> (0,0,border_line_thickness,0,0,border_line_thickness)
! ! Transform components aren't all known.
! <to be read again> 
!                    ;
! l.603 ...up penrazor scaled border_line_thickness;
                                                  
! >> 0.5border_line_thickness
! ! Undefined y coordinate has been replaced by 0.
! <to be read again> 
!                    ..
! l.609   draw z5..
!                  z6;
! >> -0.5border_line_thickness
! ! Undefined y coordinate has been replaced by 0.
! <to be read again> 
!                    ;
! l.609   draw z5..z6;
                    
! [17]
! >> 0.1314size
! ! Internal quantity `charwd' must receive a known value.
! <to be read again> 
!                    ;
! beginchar->...byte(EXPR0)else:0fi;charwd:=(EXPR1);
!                                                   charht:=(EXPR2);chardp:=(E...
! l.625 ...nchar(18,24/22size#,23/22size#,1/22size#)
!                                                   ; "prawy dolny rog - pion";
! >> 0.12593size
! ! Internal quantity `charht' must receive a known value.
! <to be read again> 
!                    ;
! beginchar->...0fi;charwd:=(EXPR1);charht:=(EXPR2);
!                                                   chardp:=(EXPR3);w:=hround(...
! l.625 ...nchar(18,24/22size#,23/22size#,1/22size#)
!                                                   ; "prawy dolny rog - pion";
! >> 0.00548size
! ! Internal quantity `chardp' must receive a known value.
! <to be read again> 
!                    ;
! beginchar->...R1);charht:=(EXPR2);chardp:=(EXPR3);
!                                                   w:=hround(charwd*hppp);h:=...
! l.625 ...nchar(18,24/22size#,23/22size#,1/22size#)
!                                                   ; "prawy dolny rog - pion";
! >> (0,0,border_line_thickness,0,0,border_line_thickness)
! ! Transform components aren't all known.
! <to be read again> 
!                    ;
! l.627 ...p pencircle scaled border_line_thickness;
                                                  
! >> (0,0,border_line_thickness,0,0,border_line_thickness)
! ! Transform components aren't all known.
! <to be read again> 
!                    ;
! l.641 ...up penrazor scaled border_line_thickness;
                                                  
! >> 0.5border_line_thickness
! ! Undefined y coordinate has been replaced by 0.
! <to be read again> 
!                    ..
! l.647   draw z5..
!                  z6;
! >> -0.5border_line_thickness
! ! Undefined y coordinate has been replaced by 0.
! <to be read again> 
!                    ;
! l.647   draw z5..z6;
                    
! [18] )
! (see the transcript file for additional information)
! Font metrics written on OT.tfm.
! Output written on OT.600gf (19 characters, 504 bytes).
! Transcript written on OT.log.

! Sorry, but miktex-maketfm did not succeed.

! The log file hopefully contains the information to get MiKTeX going again:

!   C:\Users\mig_s\AppData\Local\MiKTeX\miktex\log\miktex-maketfm.log
